{"additionalInfo":"citu","level":"info","message":"Zalogowanie użytkownika w seriwsie","timestamp":"2024-01-29T01:03:23.563Z"}
{"additionalInfo":"tini","level":"info","message":"Rejestracja użytkownika w seriwsie","timestamp":"2024-01-29T01:06:33.258Z"}
{"additionalInfo":"tini","level":"info","message":"Zalogowanie użytkownika w seriwsie","timestamp":"2024-01-29T01:07:15.023Z"}
{"additionalInfo":"tini","level":"info","message":"Zalogowanie użytkownika w seriwsie","timestamp":"2024-01-29T01:08:42.573Z"}
{"additionalInfo":"tini","level":"info","message":"Zalogowanie użytkownika w seriwsie","timestamp":"2024-01-29T01:09:05.405Z"}
{"additionalInfo":"tini","level":"info","message":"Zalogowanie użytkownika w seriwsie","timestamp":"2024-01-29T01:12:56.305Z"}
{"additionalInfo":"tini","level":"info","message":"Zalogowanie użytkownika w seriwsie","timestamp":"2024-01-29T01:14:28.666Z"}
{"additionalInfo":"tini","level":"info","message":"Edycja konta użytkownika","timestamp":"2024-01-29T01:15:13.131Z"}
{"additionalInfo":"tini","level":"info","message":"Edycja konta użytkownika","timestamp":"2024-01-29T01:15:22.547Z"}
{"additionalInfo":"tini","level":"info","message":"Wysłano zaproszenie do znajomych do citu","timestamp":"2024-01-29T01:19:20.280Z"}
{"additionalInfo":"brad","level":"info","message":"Zalogowanie użytkownika w seriwsie","timestamp":"2024-01-29T01:22:33.118Z"}
{"additionalInfo":"brad","level":"info","message":"Wysłano zaproszenie do znajomych do tini","timestamp":"2024-01-29T01:22:48.197Z"}
{"additionalInfo":"tini","level":"info","message":"Zalogowanie użytkownika w seriwsie","timestamp":"2024-01-29T01:23:07.761Z"}
{"additionalInfo":"tini","level":"info","message":"Zaakceptowano zaproszenie do znajomych od brad","timestamp":"2024-01-29T01:23:11.108Z"}
{"additionalInfo":"tini","level":"info","message":"Usunięto znajomego brad","timestamp":"2024-01-29T01:23:20.748Z"}
{"additionalInfo":"brad","level":"info","message":"Zalogowanie użytkownika w seriwsie","timestamp":"2024-01-29T01:25:41.959Z"}
{"additionalInfo":"brad","level":"info","message":"Wysłano zaproszenie do znajomych do tini","timestamp":"2024-01-29T01:25:56.327Z"}
{"additionalInfo":"tini","level":"info","message":"Zalogowanie użytkownika w seriwsie","timestamp":"2024-01-29T01:26:05.555Z"}
{"additionalInfo":"tini","level":"info","message":"Zaakceptowano zaproszenie do znajomych od brad","timestamp":"2024-01-29T01:26:09.102Z"}
{"additionalInfo":"tini","level":"info","message":"Wysłano wyzwanie typu 5 const do brad","timestamp":"2024-01-29T01:28:01.444Z"}
{"additionalInfo":"brad","level":"info","message":"Zalogowanie użytkownika w seriwsie","timestamp":"2024-01-29T01:30:04.045Z"}
{"additionalInfo":"brad","level":"info","message":"Zaakceptowano wyzwanie typu 5 const od tini","timestamp":"2024-01-29T01:30:14.786Z"}
{"additionalInfo":"brad","level":"info","message":"Odrzucenie wyzwania typu 5 const od tini","timestamp":"2024-01-29T01:31:44.794Z"}
{"additionalInfo":"brad","level":"info","message":"Dodanie komentarza pod profilem tini","timestamp":"2024-01-29T01:34:07.149Z"}
{"additionalInfo":"brad","level":"info","message":"Dodanie komentarza pod profilem tini","timestamp":"2024-01-29T01:37:26.325Z"}
{"additionalInfo":"brad","level":"info","message":"Usunięcie komentarza pod profilem tini","timestamp":"2024-01-29T01:38:35.829Z"}
